0 silly input []
1 silly flags {
1 silly flags   _: [ 'bootstrap' ],
1 silly flags   'reject-cycles': false,
1 silly flags   rejectCycles: false,
1 silly flags   args: []
1 silly flags }
2 verbose rootPath C:\laragon\www\wmt
3 info version 2.11.0
4 silly existsSync C:\laragon\www\wmt\VERSION
5 silly initialize attempt
6 silly npmConfig {
6 silly npmConfig   registry: undefined,
6 silly npmConfig   npmClient: 'yarn',
6 silly npmConfig   npmClientArgs: undefined,
6 silly npmConfig   mutex: 'network:42424'
6 silly npmConfig }
7 silly initialize success
8 silly execute attempt
9 info Bootstrapping 8 packages
10 info lifecycle preinstall
11 silly runScript preinstall admin-module
12 silly admin-module
13 silly runScript preinstall category-module
14 silly category-module
15 silly runScript preinstall category-module
16 silly category-module
17 silly runScript preinstall group-module
18 silly group-module
19 silly runScript preinstall media-module
20 silly media-module
21 silly runScript preinstall menu-module
22 silly menu-module
23 silly runScript preinstall translation-module
24 silly translation-module
25 silly runScript preinstall user-module
26 silly user-module
27 silly hasDependencyInstalled admin-module bootstrap
28 silly dependencyIsSatisfied [
28 silly dependencyIsSatisfied   'bootstrap',
28 silly dependencyIsSatisfied   '^3.3.7',
28 silly dependencyIsSatisfied   'C:\\laragon\\www\\wmt\\Modules\\Admin\\node_modules'
28 silly dependencyIsSatisfied ]
29 verbose dependencyIsSatisfied bootstrap true
30 silly hasDependencyInstalled admin-module chart.js
31 silly dependencyIsSatisfied [
31 silly dependencyIsSatisfied   'chart.js',
31 silly dependencyIsSatisfied   '^2.7.3',
31 silly dependencyIsSatisfied   'C:\\laragon\\www\\wmt\\Modules\\Admin\\node_modules'
31 silly dependencyIsSatisfied ]
32 verbose dependencyIsSatisfied chart.js true
33 silly hasDependencyInstalled admin-module datatables.net
34 silly dependencyIsSatisfied [
34 silly dependencyIsSatisfied   'datatables.net',
34 silly dependencyIsSatisfied   '^1.10.15',
34 silly dependencyIsSatisfied   'C:\\laragon\\www\\wmt\\Modules\\Admin\\node_modules'
34 silly dependencyIsSatisfied ]
35 verbose dependencyIsSatisfied datatables.net true
36 silly hasDependencyInstalled admin-module datatables.net-bs
37 silly dependencyIsSatisfied [
37 silly dependencyIsSatisfied   'datatables.net-bs',
37 silly dependencyIsSatisfied   '^1.10.15',
37 silly dependencyIsSatisfied   'C:\\laragon\\www\\wmt\\Modules\\Admin\\node_modules'
37 silly dependencyIsSatisfied ]
38 verbose dependencyIsSatisfied datatables.net-bs true
39 silly hasDependencyInstalled media-module dropzone
40 silly dependencyIsSatisfied [
40 silly dependencyIsSatisfied   'dropzone',
40 silly dependencyIsSatisfied   '^5.4.0',
40 silly dependencyIsSatisfied   'C:\\laragon\\www\\wmt\\Modules\\Media\\node_modules'
40 silly dependencyIsSatisfied ]
41 verbose dependencyIsSatisfied dropzone false
42 silly hasDependencyInstalled admin-module flatpickr
43 silly dependencyIsSatisfied [
43 silly dependencyIsSatisfied   'flatpickr',
43 silly dependencyIsSatisfied   '^3.0.6',
43 silly dependencyIsSatisfied   'C:\\laragon\\www\\wmt\\Modules\\Admin\\node_modules'
43 silly dependencyIsSatisfied ]
44 verbose dependencyIsSatisfied flatpickr true
45 silly hasDependencyInstalled admin-module jquery
46 silly dependencyIsSatisfied [
46 silly dependencyIsSatisfied   'jquery',
46 silly dependencyIsSatisfied   '^3.2.1',
46 silly dependencyIsSatisfied   'C:\\laragon\\www\\wmt\\Modules\\Admin\\node_modules'
46 silly dependencyIsSatisfied ]
47 verbose dependencyIsSatisfied jquery true
48 silly hasDependencyInstalled admin-module jquery-slimscroll
49 silly dependencyIsSatisfied [
49 silly dependencyIsSatisfied   'jquery-slimscroll',
49 silly dependencyIsSatisfied   '^1.3.8',
49 silly dependencyIsSatisfied   'C:\\laragon\\www\\wmt\\Modules\\Admin\\node_modules'
49 silly dependencyIsSatisfied ]
50 verbose dependencyIsSatisfied jquery-slimscroll true
51 silly hasDependencyInstalled admin-module mousetrap
52 silly dependencyIsSatisfied [
52 silly dependencyIsSatisfied   'mousetrap',
52 silly dependencyIsSatisfied   '^1.6.1',
52 silly dependencyIsSatisfied   'C:\\laragon\\www\\wmt\\Modules\\Admin\\node_modules'
52 silly dependencyIsSatisfied ]
53 verbose dependencyIsSatisfied mousetrap true
54 silly hasDependencyInstalled menu-module nestable2
55 silly dependencyIsSatisfied [
55 silly dependencyIsSatisfied   'nestable2',
55 silly dependencyIsSatisfied   '^1.6.0',
55 silly dependencyIsSatisfied   'C:\\laragon\\www\\wmt\\Modules\\Menu\\node_modules'
55 silly dependencyIsSatisfied ]
56 verbose dependencyIsSatisfied nestable2 false
57 silly hasDependencyInstalled admin-module nprogress
58 silly dependencyIsSatisfied [
58 silly dependencyIsSatisfied   'nprogress',
58 silly dependencyIsSatisfied   '^0.2.0',
58 silly dependencyIsSatisfied   'C:\\laragon\\www\\wmt\\Modules\\Admin\\node_modules'
58 silly dependencyIsSatisfied ]
59 verbose dependencyIsSatisfied nprogress true
60 silly hasDependencyInstalled admin-module selectize
61 silly dependencyIsSatisfied [
61 silly dependencyIsSatisfied   'selectize',
61 silly dependencyIsSatisfied   '^0.12.6',
61 silly dependencyIsSatisfied   'C:\\laragon\\www\\wmt\\Modules\\Admin\\node_modules'
61 silly dependencyIsSatisfied ]
62 verbose dependencyIsSatisfied selectize true
63 silly hasDependencyInstalled admin-module sortablejs
64 silly dependencyIsSatisfied [
64 silly dependencyIsSatisfied   'sortablejs',
64 silly dependencyIsSatisfied   'https://github.com/RubaXa/Sortable',
64 silly dependencyIsSatisfied   'C:\\laragon\\www\\wmt\\Modules\\Admin\\node_modules'
64 silly dependencyIsSatisfied ]
65 verbose dependencyIsSatisfied sortablejs false
66 silly hasDependencyInstalled admin-module tinymce
67 silly dependencyIsSatisfied [
67 silly dependencyIsSatisfied   'tinymce',
67 silly dependencyIsSatisfied   '^5.2.2',
67 silly dependencyIsSatisfied   'C:\\laragon\\www\\wmt\\Modules\\Admin\\node_modules'
67 silly dependencyIsSatisfied ]
68 verbose dependencyIsSatisfied tinymce true
69 silly hasDependencyInstalled admin-module font-awesome
70 silly dependencyIsSatisfied [
70 silly dependencyIsSatisfied   'font-awesome',
70 silly dependencyIsSatisfied   '^4.7.0',
70 silly dependencyIsSatisfied   'C:\\laragon\\www\\wmt\\Modules\\Admin\\node_modules'
70 silly dependencyIsSatisfied ]
71 verbose dependencyIsSatisfied font-awesome true
72 silly hasDependencyInstalled admin-module lodash
73 silly dependencyIsSatisfied [
73 silly dependencyIsSatisfied   'lodash',
73 silly dependencyIsSatisfied   '^4.17.4',
73 silly dependencyIsSatisfied   'C:\\laragon\\www\\wmt\\Modules\\Admin\\node_modules'
73 silly dependencyIsSatisfied ]
74 verbose dependencyIsSatisfied lodash true
75 silly hasDependencyInstalled category-module jstree
76 silly dependencyIsSatisfied [
76 silly dependencyIsSatisfied   'jstree',
76 silly dependencyIsSatisfied   '^3.3.9',
76 silly dependencyIsSatisfied   'C:\\laragon\\www\\wmt\\Modules\\Category\\node_modules'
76 silly dependencyIsSatisfied ]
77 verbose dependencyIsSatisfied jstree true
78 silly hasDependencyInstalled category-module jstree
79 silly dependencyIsSatisfied [
79 silly dependencyIsSatisfied   'jstree',
79 silly dependencyIsSatisfied   '^3.3.9',
79 silly dependencyIsSatisfied   'C:\\laragon\\www\\wmt\\Modules\\Category\\node_modules'
79 silly dependencyIsSatisfied ]
80 verbose dependencyIsSatisfied jstree true
81 silly hasDependencyInstalled group-module jstree
82 silly dependencyIsSatisfied [
82 silly dependencyIsSatisfied   'jstree',
82 silly dependencyIsSatisfied   '^3.3.9',
82 silly dependencyIsSatisfied   'C:\\laragon\\www\\wmt\\Modules\\Group\\node_modules'
82 silly dependencyIsSatisfied ]
83 verbose dependencyIsSatisfied jstree true
84 silly hasDependencyInstalled translation-module x-editable
85 silly dependencyIsSatisfied [
85 silly dependencyIsSatisfied   'x-editable',
85 silly dependencyIsSatisfied   '^1.5.1',
85 silly dependencyIsSatisfied   'C:\\laragon\\www\\wmt\\Modules\\Translation\\node_modules'
85 silly dependencyIsSatisfied ]
86 verbose dependencyIsSatisfied x-editable true
87 silly root dependencies []
88 silly leaf dependencies {
88 silly leaf dependencies   "admin-module": [
88 silly leaf dependencies     {
88 silly leaf dependencies       "dependency": "bootstrap@^3.3.7",
88 silly leaf dependencies       "isSatisfied": true
88 silly leaf dependencies     },
88 silly leaf dependencies     {
88 silly leaf dependencies       "dependency": "chart.js@^2.7.3",
88 silly leaf dependencies       "isSatisfied": true
88 silly leaf dependencies     },
88 silly leaf dependencies     {
88 silly leaf dependencies       "dependency": "datatables.net@^1.10.15",
88 silly leaf dependencies       "isSatisfied": true
88 silly leaf dependencies     },
88 silly leaf dependencies     {
88 silly leaf dependencies       "dependency": "datatables.net-bs@^1.10.15",
88 silly leaf dependencies       "isSatisfied": true
88 silly leaf dependencies     },
88 silly leaf dependencies     {
88 silly leaf dependencies       "dependency": "flatpickr@^3.0.6",
88 silly leaf dependencies       "isSatisfied": true
88 silly leaf dependencies     },
88 silly leaf dependencies     {
88 silly leaf dependencies       "dependency": "jquery@^3.2.1",
88 silly leaf dependencies       "isSatisfied": true
88 silly leaf dependencies     },
88 silly leaf dependencies     {
88 silly leaf dependencies       "dependency": "jquery-slimscroll@^1.3.8",
88 silly leaf dependencies       "isSatisfied": true
88 silly leaf dependencies     },
88 silly leaf dependencies     {
88 silly leaf dependencies       "dependency": "mousetrap@^1.6.1",
88 silly leaf dependencies       "isSatisfied": true
88 silly leaf dependencies     },
88 silly leaf dependencies     {
88 silly leaf dependencies       "dependency": "nprogress@^0.2.0",
88 silly leaf dependencies       "isSatisfied": true
88 silly leaf dependencies     },
88 silly leaf dependencies     {
88 silly leaf dependencies       "dependency": "selectize@^0.12.6",
88 silly leaf dependencies       "isSatisfied": true
88 silly leaf dependencies     },
88 silly leaf dependencies     {
88 silly leaf dependencies       "dependency": "sortablejs@https://github.com/RubaXa/Sortable",
88 silly leaf dependencies       "isSatisfied": false
88 silly leaf dependencies     },
88 silly leaf dependencies     {
88 silly leaf dependencies       "dependency": "tinymce@^5.2.2",
88 silly leaf dependencies       "isSatisfied": true
88 silly leaf dependencies     },
88 silly leaf dependencies     {
88 silly leaf dependencies       "dependency": "font-awesome@^4.7.0",
88 silly leaf dependencies       "isSatisfied": true
88 silly leaf dependencies     },
88 silly leaf dependencies     {
88 silly leaf dependencies       "dependency": "lodash@^4.17.4",
88 silly leaf dependencies       "isSatisfied": true
88 silly leaf dependencies     }
88 silly leaf dependencies   ],
88 silly leaf dependencies   "media-module": [
88 silly leaf dependencies     {
88 silly leaf dependencies       "dependency": "dropzone@^5.4.0",
88 silly leaf dependencies       "isSatisfied": false
88 silly leaf dependencies     }
88 silly leaf dependencies   ],
88 silly leaf dependencies   "menu-module": [
88 silly leaf dependencies     {
88 silly leaf dependencies       "dependency": "nestable2@^1.6.0",
88 silly leaf dependencies       "isSatisfied": false
88 silly leaf dependencies     }
88 silly leaf dependencies   ],
88 silly leaf dependencies   "category-module": [
88 silly leaf dependencies     {
88 silly leaf dependencies       "dependency": "jstree@^3.3.9",
88 silly leaf dependencies       "isSatisfied": true
88 silly leaf dependencies     },
88 silly leaf dependencies     {
88 silly leaf dependencies       "dependency": "jstree@^3.3.9",
88 silly leaf dependencies       "isSatisfied": true
88 silly leaf dependencies     }
88 silly leaf dependencies   ],
88 silly leaf dependencies   "group-module": [
88 silly leaf dependencies     {
88 silly leaf dependencies       "dependency": "jstree@^3.3.9",
88 silly leaf dependencies       "isSatisfied": true
88 silly leaf dependencies     }
88 silly leaf dependencies   ],
88 silly leaf dependencies   "translation-module": [
88 silly leaf dependencies     {
88 silly leaf dependencies       "dependency": "x-editable@^1.5.1",
88 silly leaf dependencies       "isSatisfied": true
88 silly leaf dependencies     }
88 silly leaf dependencies   ]
88 silly leaf dependencies }
89 info Installing external dependencies
90 verbose actions 3 actions, concurrency 4
91 silly installInDir Admin [
91 silly installInDir   'bootstrap@^3.3.7',
91 silly installInDir   'chart.js@^2.7.3',
91 silly installInDir   'datatables.net@^1.10.15',
91 silly installInDir   'datatables.net-bs@^1.10.15',
91 silly installInDir   'flatpickr@^3.0.6',
91 silly installInDir   'jquery@^3.2.1',
91 silly installInDir   'jquery-slimscroll@^1.3.8',
91 silly installInDir   'mousetrap@^1.6.1',
91 silly installInDir   'nprogress@^0.2.0',
91 silly installInDir   'selectize@^0.12.6',
91 silly installInDir   'sortablejs@https://github.com/RubaXa/Sortable',
91 silly installInDir   'tinymce@^5.2.2',
91 silly installInDir   'font-awesome@^4.7.0',
91 silly installInDir   'lodash@^4.17.4'
91 silly installInDir ]
92 silly installInDir backup C:\laragon\www\wmt\Modules\Admin\package.json
93 silly rename [
93 silly rename   'C:\\laragon\\www\\wmt\\Modules\\Admin\\package.json',
93 silly rename   'C:\\laragon\\www\\wmt\\Modules\\Admin\\package.json.lerna_backup'
93 silly rename ]
94 silly installInDir Media [ 'dropzone@^5.4.0' ]
95 silly installInDir backup C:\laragon\www\wmt\Modules\Media\package.json
96 silly rename [
96 silly rename   'C:\\laragon\\www\\wmt\\Modules\\Media\\package.json',
96 silly rename   'C:\\laragon\\www\\wmt\\Modules\\Media\\package.json.lerna_backup'
96 silly rename ]
97 silly installInDir Menu [ 'nestable2@^1.6.0' ]
98 silly installInDir backup C:\laragon\www\wmt\Modules\Menu\package.json
99 silly rename [
99 silly rename   'C:\\laragon\\www\\wmt\\Modules\\Menu\\package.json',
99 silly rename   'C:\\laragon\\www\\wmt\\Modules\\Menu\\package.json.lerna_backup'
99 silly rename ]
100 silly installInDir writing tempJson {
100 silly installInDir   dependencies: {
100 silly installInDir     bootstrap: '^3.3.7',
100 silly installInDir     'chart.js': '^2.7.3',
100 silly installInDir     'datatables.net': '^1.10.15',
100 silly installInDir     'datatables.net-bs': '^1.10.15',
100 silly installInDir     flatpickr: '^3.0.6',
100 silly installInDir     jquery: '^3.2.1',
100 silly installInDir     'jquery-slimscroll': '^1.3.8',
100 silly installInDir     mousetrap: '^1.6.1',
100 silly installInDir     nprogress: '^0.2.0',
100 silly installInDir     selectize: '^0.12.6',
100 silly installInDir     sortablejs: 'https://github.com/RubaXa/Sortable',
100 silly installInDir     tinymce: '^5.2.2',
100 silly installInDir     'font-awesome': '^4.7.0',
100 silly installInDir     lodash: '^4.17.4'
100 silly installInDir   }
100 silly installInDir }
101 silly installInDir writing tempJson { dependencies: { dropzone: '^5.4.0' } }
102 silly installInDir writing tempJson { dependencies: { nestable2: '^1.6.0' } }
103 silly getExecOpts { cwd: 'C:\\laragon\\www\\wmt\\Modules\\Media' }
104 silly installInDir [
104 silly installInDir   'yarn',
104 silly installInDir   [ 'install', '--mutex', 'network:42424', '--non-interactive' ]
104 silly installInDir ]
105 silly getExecOpts { cwd: 'C:\\laragon\\www\\wmt\\Modules\\Menu' }
106 silly installInDir [
106 silly installInDir   'yarn',
106 silly installInDir   [ 'install', '--mutex', 'network:42424', '--non-interactive' ]
106 silly installInDir ]
107 silly installInDir cleanup C:\laragon\www\wmt\Modules\Media\package.json
108 silly renameSync [
108 silly renameSync   'C:\\laragon\\www\\wmt\\Modules\\Media\\package.json.lerna_backup',
108 silly renameSync   'C:\\laragon\\www\\wmt\\Modules\\Media\\package.json'
108 silly renameSync ]
109 verbose installed leaf media-module
110 error execute callback with error
111 error Error: spawn yarn ENOENT
111 error     at notFoundError (C:\laragon\www\wmt\node_modules\lerna\node_modules\cross-spawn\lib\enoent.js:11:11)
111 error     at verifyENOENT (C:\laragon\www\wmt\node_modules\lerna\node_modules\cross-spawn\lib\enoent.js:46:16)
111 error     at ChildProcess.cp.emit (C:\laragon\www\wmt\node_modules\lerna\node_modules\cross-spawn\lib\enoent.js:33:19)
